-------------------------------------------------------------------------------
Test set: com.mycompany.app.CollisionHandlerTest
-------------------------------------------------------------------------------
Tests run: 1, Failures: 1, Errors: 0, Skipped: 0, Time elapsed: 0.021 s <<< FAILURE! - in com.mycompany.app.CollisionHandlerTest
testCollisionAllDirection(com.mycompany.app.CollisionHandlerTest)  Time elapsed: 0.006 s  <<< FAILURE!
java.lang.AssertionError: expected:<-30> but was:<-15>
	at com.mycompany.app.CollisionHandlerTest.testCollisionAllDirection(CollisionHandlerTest.java:30)

